\BOOKMARK [0][-]{chapter.1}{\376\377\000I\000n\000t\000r\000o\000d\000u\000c\000t\000i\000o\000n}{}% 1
\BOOKMARK [1][-]{section.1.1}{\376\377\000I\000n\000t\000r\000o\000d\000u\000c\000t\000i\000o\000n}{chapter.1}% 2
\BOOKMARK [1][-]{section.1.2}{\376\377\000O\000v\000e\000r\000v\000i\000e\000w}{chapter.1}% 3
\BOOKMARK [0][-]{chapter.2}{\376\377\000S\000t\000r\000u\000c\000t\000u\000r\000e}{}% 4
\BOOKMARK [1][-]{section.2.1}{\376\377\000C\000o\000n\000v\000e\000n\000t\000i\000o\000n\000s}{chapter.2}% 5
\BOOKMARK [1][-]{section.2.2}{\376\377\000V\000a\000l\000u\000e\000s}{chapter.2}% 6
\BOOKMARK [1][-]{section.2.3}{\376\377\000T\000y\000p\000e\000s}{chapter.2}% 7
\BOOKMARK [1][-]{section.2.4}{\376\377\000I\000n\000s\000t\000r\000u\000c\000t\000i\000o\000n\000s}{chapter.2}% 8
\BOOKMARK [1][-]{section.2.5}{\376\377\000M\000o\000d\000u\000l\000e\000s}{chapter.2}% 9
\BOOKMARK [0][-]{chapter.3}{\376\377\000V\000a\000l\000i\000d\000a\000t\000i\000o\000n}{}% 10
\BOOKMARK [1][-]{section.3.1}{\376\377\000C\000o\000n\000v\000e\000n\000t\000i\000o\000n\000s}{chapter.3}% 11
\BOOKMARK [1][-]{section.3.2}{\376\377\000T\000y\000p\000e\000s}{chapter.3}% 12
\BOOKMARK [1][-]{section.3.3}{\376\377\000I\000n\000s\000t\000r\000u\000c\000t\000i\000o\000n\000s}{chapter.3}% 13
\BOOKMARK [1][-]{section.3.4}{\376\377\000M\000o\000d\000u\000l\000e\000s}{chapter.3}% 14
\BOOKMARK [0][-]{chapter.4}{\376\377\000E\000x\000e\000c\000u\000t\000i\000o\000n}{}% 15
\BOOKMARK [1][-]{section.4.1}{\376\377\000C\000o\000n\000v\000e\000n\000t\000i\000o\000n\000s}{chapter.4}% 16
\BOOKMARK [1][-]{section.4.2}{\376\377\000R\000u\000n\000t\000i\000m\000e\000\040\000S\000t\000r\000u\000c\000t\000u\000r\000e}{chapter.4}% 17
\BOOKMARK [1][-]{section.4.3}{\376\377\000N\000u\000m\000e\000r\000i\000c\000s}{chapter.4}% 18
\BOOKMARK [1][-]{section.4.4}{\376\377\000I\000n\000s\000t\000r\000u\000c\000t\000i\000o\000n\000s}{chapter.4}% 19
\BOOKMARK [1][-]{section.4.5}{\376\377\000M\000o\000d\000u\000l\000e\000s}{chapter.4}% 20
\BOOKMARK [0][-]{chapter.5}{\376\377\000B\000i\000n\000a\000r\000y\000\040\000F\000o\000r\000m\000a\000t}{}% 21
\BOOKMARK [1][-]{section.5.1}{\376\377\000C\000o\000n\000v\000e\000n\000t\000i\000o\000n\000s}{chapter.5}% 22
\BOOKMARK [1][-]{section.5.2}{\376\377\000V\000a\000l\000u\000e\000s}{chapter.5}% 23
\BOOKMARK [1][-]{section.5.3}{\376\377\000T\000y\000p\000e\000s}{chapter.5}% 24
\BOOKMARK [1][-]{section.5.4}{\376\377\000I\000n\000s\000t\000r\000u\000c\000t\000i\000o\000n\000s}{chapter.5}% 25
\BOOKMARK [1][-]{section.5.5}{\376\377\000M\000o\000d\000u\000l\000e\000s}{chapter.5}% 26
\BOOKMARK [0][-]{chapter.6}{\376\377\000T\000e\000x\000t\000\040\000F\000o\000r\000m\000a\000t}{}% 27
\BOOKMARK [1][-]{section.6.1}{\376\377\000C\000o\000n\000v\000e\000n\000t\000i\000o\000n\000s}{chapter.6}% 28
\BOOKMARK [1][-]{section.6.2}{\376\377\000L\000e\000x\000i\000c\000a\000l\000\040\000F\000o\000r\000m\000a\000t}{chapter.6}% 29
\BOOKMARK [1][-]{section.6.3}{\376\377\000V\000a\000l\000u\000e\000s}{chapter.6}% 30
\BOOKMARK [1][-]{section.6.4}{\376\377\000T\000y\000p\000e\000s}{chapter.6}% 31
\BOOKMARK [1][-]{section.6.5}{\376\377\000I\000n\000s\000t\000r\000u\000c\000t\000i\000o\000n\000s}{chapter.6}% 32
\BOOKMARK [1][-]{section.6.6}{\376\377\000M\000o\000d\000u\000l\000e\000s}{chapter.6}% 33
\BOOKMARK [0][-]{chapter.7}{\376\377\000A\000p\000p\000e\000n\000d\000i\000x}{}% 34
\BOOKMARK [1][-]{section.7.1}{\376\377\000E\000m\000b\000e\000d\000d\000i\000n\000g}{chapter.7}% 35
\BOOKMARK [1][-]{section.7.2}{\376\377\000I\000m\000p\000l\000e\000m\000e\000n\000t\000a\000t\000i\000o\000n\000\040\000L\000i\000m\000i\000t\000a\000t\000i\000o\000n\000s}{chapter.7}% 36
\BOOKMARK [1][-]{section.7.3}{\376\377\000V\000a\000l\000i\000d\000a\000t\000i\000o\000n\000\040\000A\000l\000g\000o\000r\000i\000t\000h\000m}{chapter.7}% 37
\BOOKMARK [1][-]{section.7.4}{\376\377\000C\000u\000s\000t\000o\000m\000\040\000S\000e\000c\000t\000i\000o\000n\000s}{chapter.7}% 38
\BOOKMARK [1][-]{section.7.5}{\376\377\000S\000o\000u\000n\000d\000n\000e\000s\000s}{chapter.7}% 39
\BOOKMARK [0][-]{section*.513}{\376\377\000I\000n\000d\000e\000x}{}% 40
